<?xml version="1.0" encoding="utf-8"?><testsuites name="pytest tests"><testsuite name="pytest" errors="0" failures="0" skipped="0" tests="23" time="111.776" timestamp="2026-07-05T09:21:36.717016+00:00" hostname="agent-env-5d801b64-ff6d-49a8-81e9-dc5b90f28144"><testcase classname="backend.tests.backend_test" name="test_root_health" time="0.145" /><testcase classname="backend.tests.backend_test" name="test_register" time="0.272" /><testcase classname="backend.tests.backend_test" name="test_register_duplicate" time="0.044" /><testcase classname="backend.tests.backend_test" name="test_login" time="0.263" /><testcase classname="backend.tests.backend_test" name="test_login_bad_password" time="0.261" /><testcase classname="backend.tests.backend_test" name="test_me" time="0.043" /><testcase classname="backend.tests.backend_test" name="test_auth_guard_leads" time="0.065" /><testcase classname="backend.tests.backend_test" name="test_dashboard_stats_empty" time="0.045" /><testcase classname="backend.tests.backend_test" name="test_create_lead_with_report" time="53.314" /><testcase classname="backend.tests.backend_test" name="test_list_leads_summary" time="0.124" /><testcase classname="backend.tests.backend_test" name="test_get_lead_detail" time="0.045" /><testcase classname="backend.tests.backend_test" name="test_patch_lead_status" time="0.083" /><testcase classname="backend.tests.backend_test" name="test_generate_sales_kit" time="29.095" /><testcase classname="backend.tests.backend_test" name="test_generate_proposal" time="26.856" /><testcase classname="backend.tests.backend_test" name="test_dashboard_stats_after_lead" time="0.043" /><testcase classname="backend.tests.backend_test" name="test_delete_lead" time="0.079" /><testcase classname="backend.tests.lead_crud_seeded_test" name="test_seed_user_and_lead" time="0.371" /><testcase classname="backend.tests.lead_crud_seeded_test" name="test_list_leads_returns_seeded" time="0.039" /><testcase classname="backend.tests.lead_crud_seeded_test" name="test_get_lead_detail" time="0.049" /><testcase classname="backend.tests.lead_crud_seeded_test" name="test_patch_lead_status" time="0.121" /><testcase classname="backend.tests.lead_crud_seeded_test" name="test_dashboard_stats_reflects_lead" time="0.080" /><testcase classname="backend.tests.lead_crud_seeded_test" name="test_delete_lead" time="0.160" /><testcase classname="backend.tests.lead_crud_seeded_test" name="test_get_missing_lead_404" time="0.040" /></testsuite></testsuites>